  %step_x547 = getelementptr inbounds %struct.image2d_s, ptr %in_image, i32 0, i32 1
  %step_x565 = getelementptr inbounds %struct.image2d_s, ptr %out_image, i32 0, i32 1
  %stride_x567 = getelementptr inbounds %struct.image2d_s, ptr %out_image, i32 0, i32 3
  %step_y569 = getelementptr inbounds %struct.image2d_s, ptr %out_image, i32 0, i32 2
  %step_x551 = getelementptr inbounds %struct.image2d_s, ptr %filter, i32 0, i32 1
  %step_x346 = getelementptr inbounds %struct.image2d_s, ptr %in_image, i32 0, i32 1
  %step_x364 = getelementptr inbounds %struct.image2d_s, ptr %out_image, i32 0, i32 1
  %stride_x366 = getelementptr inbounds %struct.image2d_s, ptr %out_image, i32 0, i32 3
  %step_y368 = getelementptr inbounds %struct.image2d_s, ptr %out_image, i32 0, i32 2
  %step_x350 = getelementptr inbounds %struct.image2d_s, ptr %filter, i32 0, i32 1
  %step_x346 = getelementptr inbounds %struct.image2d_s, ptr %in_image, i32 0, i32 1
  %step_x364 = getelementptr inbounds %struct.image2d_s, ptr %out_image, i32 0, i32 1
  %stride_x366 = getelementptr inbounds %struct.image2d_s, ptr %out_image, i32 0, i32 3
  %step_y368 = getelementptr inbounds %struct.image2d_s, ptr %out_image, i32 0, i32 2
  %step_x350 = getelementptr inbounds %struct.image2d_s, ptr %filter, i32 0, i32 1
  %step_x346 = getelementptr inbounds %struct.image2d_s, ptr %in_image, i32 0, i32 1
  %step_x364 = getelementptr inbounds %struct.image2d_s, ptr %out_image, i32 0, i32 1
  %stride_x366 = getelementptr inbounds %struct.image2d_s, ptr %out_image, i32 0, i32 3
  %step_y368 = getelementptr inbounds %struct.image2d_s, ptr %out_image, i32 0, i32 2
  %step_x350 = getelementptr inbounds %struct.image2d_s, ptr %filter, i32 0, i32 1
  %step_x207 = getelementptr inbounds %struct.image2d_s, ptr %in_image, i32 0, i32 1
  %step_x225 = getelementptr inbounds %struct.image2d_s, ptr %out_image, i32 0, i32 1
  %stride_x227 = getelementptr inbounds %struct.image2d_s, ptr %out_image, i32 0, i32 3
  %step_y229 = getelementptr inbounds %struct.image2d_s, ptr %out_image, i32 0, i32 2
  %step_x211 = getelementptr inbounds %struct.image2d_s, ptr %filter, i32 0, i32 1
  %step_x207 = getelementptr inbounds %struct.image2d_s, ptr %in_image, i32 0, i32 1
  %step_x225 = getelementptr inbounds %struct.image2d_s, ptr %out_image, i32 0, i32 1
  %stride_x227 = getelementptr inbounds %struct.image2d_s, ptr %out_image, i32 0, i32 3
  %step_y229 = getelementptr inbounds %struct.image2d_s, ptr %out_image, i32 0, i32 2
  %step_x211 = getelementptr inbounds %struct.image2d_s, ptr %filter, i32 0, i32 1
  %step_x = getelementptr inbounds %struct.image2d_s, ptr %in_image, i32 0, i32 1
  %step_x39 = getelementptr inbounds %struct.image2d_s, ptr %out_image, i32 0, i32 1
  %stride_x41 = getelementptr inbounds %struct.image2d_s, ptr %out_image, i32 0, i32 3
  %step_y43 = getelementptr inbounds %struct.image2d_s, ptr %out_image, i32 0, i32 2
  %step_x29 = getelementptr inbounds %struct.image2d_s, ptr %filter, i32 0, i32 1
  %step_x = getelementptr inbounds %struct.image2d_s, ptr %in_image, i32 0, i32 1
  %step_x39 = getelementptr inbounds %struct.image2d_s, ptr %out_image, i32 0, i32 1
  %stride_x41 = getelementptr inbounds %struct.image2d_s, ptr %out_image, i32 0, i32 3
  %step_y43 = getelementptr inbounds %struct.image2d_s, ptr %out_image, i32 0, i32 2
  %step_x29 = getelementptr inbounds %struct.image2d_s, ptr %filter, i32 0, i32 1
  %step_x = getelementptr inbounds %struct.image2d_s, ptr %in_image, i32 0, i32 1
  %step_x39 = getelementptr inbounds %struct.image2d_s, ptr %out_image, i32 0, i32 1
  %stride_x41 = getelementptr inbounds %struct.image2d_s, ptr %out_image, i32 0, i32 3
  %step_y43 = getelementptr inbounds %struct.image2d_s, ptr %out_image, i32 0, i32 2
  %step_x29 = getelementptr inbounds %struct.image2d_s, ptr %filter, i32 0, i32 1
depth: 1
Loop包含的基本块:
  循环头部: for.cond523.preheader
  循环前置块: for.cond523.preheader.lr.ph
  循环出口块: for.cond.cleanup519
  循环锁存块: for.cond.cleanup529
  循环体基本块:
    for.cond523.preheader
    for.body530.lr.ph
    for.body530
    for.cond542.preheader
    for.body546.lr.ph
    for.body546
    for.cond.cleanup545
    for.cond.cleanup539
    for.cond.cleanup529
depth: 2
Loop包含的基本块:
  循环头部: for.body530
  循环前置块: for.body530.lr.ph
  循环出口块: for.cond.cleanup529
  循环锁存块: for.cond.cleanup539
  循环体基本块:
    for.body530
    for.cond542.preheader
    for.body546.lr.ph
    for.body546
    for.cond.cleanup545
    for.cond.cleanup539
depth: 3
Loop包含的基本块:
  循环头部: for.cond542.preheader
  循环出口块: for.cond.cleanup539
  循环锁存块: for.cond.cleanup545
  循环体基本块:
    for.cond542.preheader
    for.body546.lr.ph
    for.body546
    for.cond.cleanup545
depth: 1
Loop包含的基本块:
  循环头部: for.cond318.preheader
  循环前置块: for.cond318.preheader.lr.ph
  循环出口块: for.cond513.preheader
  循环锁存块: for.cond.cleanup444
  循环体基本块:
    for.cond318.preheader
    for.body321.lr.ph
    for.body321
    for.body338.lr.ph
    for.body338
    for.body345.lr.ph
    for.body345
    for.cond.cleanup344
    for.cond.cleanup337
    for.cond376.preheader
    for.body383.lr.ph
    for.body383
    for.cond402.preheader
    for.body406.lr.ph
    for.body406
    for.cond.cleanup405
    for.cond.cleanup399
    for.cond441.preheader
    for.body445.lr.ph
    for.body445
    for.cond464.preheader.lr.ph
    for.cond464.preheader
    for.body475.lr.ph
    for.body475
    for.cond.cleanup474
    for.cond.cleanup461
    for.cond.cleanup444
depth: 2
Loop包含的基本块:
  循环头部: for.body321
  循环前置块: for.body321.lr.ph
  循环出口块: for.cond376.preheader
  循环锁存块: for.cond.cleanup337
  循环体基本块:
    for.body321
    for.body338.lr.ph
    for.body338
    for.body345.lr.ph
    for.body345
    for.cond.cleanup344
    for.cond.cleanup337
depth: 3
Loop包含的基本块:
  循环头部: for.body338
  循环前置块: for.body338.lr.ph
  循环出口块: for.cond.cleanup337
  循环锁存块: for.cond.cleanup344
  循环体基本块:
    for.body338
    for.body345.lr.ph
    for.body345
    for.cond.cleanup344
depth: 2
Loop包含的基本块:
  循环头部: for.body383
  循环前置块: for.body383.lr.ph
  循环出口块: for.cond441.preheader
  循环锁存块: for.cond.cleanup399
  循环体基本块:
    for.body383
    for.cond402.preheader
    for.body406.lr.ph
    for.body406
    for.cond.cleanup405
    for.cond.cleanup399
depth: 3
Loop包含的基本块:
  循环头部: for.cond402.preheader
  循环出口块: for.cond.cleanup399
  循环锁存块: for.cond.cleanup405
  循环体基本块:
    for.cond402.preheader
    for.body406.lr.ph
    for.body406
    for.cond.cleanup405
depth: 2
Loop包含的基本块:
  循环头部: for.body445
  循环前置块: for.body445.lr.ph
  循环出口块: for.cond.cleanup444
  循环锁存块: for.cond.cleanup461
  循环体基本块:
    for.body445
    for.cond464.preheader.lr.ph
    for.cond464.preheader
    for.body475.lr.ph
    for.body475
    for.cond.cleanup474
    for.cond.cleanup461
depth: 3
Loop包含的基本块:
  循环头部: for.cond464.preheader
  循环前置块: for.cond464.preheader.lr.ph
  循环出口块: for.cond.cleanup461
  循环锁存块: for.cond.cleanup474
  循环体基本块:
    for.cond464.preheader
    for.body475.lr.ph
    for.body475
    for.cond.cleanup474
depth: 1
Loop包含的基本块:
  循环头部: for.cond186.preheader
  循环前置块: for.cond186.preheader.lr.ph
  循环出口块: for.cond311.preheader
  循环锁存块: for.cond.cleanup245
  循环体基本块:
    for.cond186.preheader
    for.body189.lr.ph
    for.body189
    for.body199.lr.ph
    for.body199
    for.body206.lr.ph
    for.body206
    for.cond.cleanup205
    for.cond.cleanup198
    for.cond.cleanup188
    for.body246.lr.ph
    for.body246
    for.cond258.preheader.lr.ph
    for.cond258.preheader
    for.body269.lr.ph
    for.body269
    for.cond.cleanup268
    for.cond.cleanup255
    for.cond.cleanup245
depth: 2
Loop包含的基本块:
  循环头部: for.body189
  循环前置块: for.body189.lr.ph
  循环出口块: for.cond.cleanup188
  循环锁存块: for.cond.cleanup198
  循环体基本块:
    for.body189
    for.body199.lr.ph
    for.body199
    for.body206.lr.ph
    for.body206
    for.cond.cleanup205
    for.cond.cleanup198
depth: 3
Loop包含的基本块:
  循环头部: for.body199
  循环前置块: for.body199.lr.ph
  循环出口块: for.cond.cleanup198
  循环锁存块: for.cond.cleanup205
  循环体基本块:
    for.body199
    for.body206.lr.ph
    for.body206
    for.cond.cleanup205
depth: 2
Loop包含的基本块:
  循环头部: for.body246
  循环前置块: for.body246.lr.ph
  循环出口块: for.cond.cleanup245
  循环锁存块: for.cond.cleanup255
  循环体基本块:
    for.body246
    for.cond258.preheader.lr.ph
    for.cond258.preheader
    for.body269.lr.ph
    for.body269
    for.cond.cleanup268
    for.cond.cleanup255
depth: 3
Loop包含的基本块:
  循环头部: for.cond258.preheader
  循环前置块: for.cond258.preheader.lr.ph
  循环出口块: for.cond.cleanup255
  循环锁存块: for.cond.cleanup268
  循环体基本块:
    for.cond258.preheader
    for.body269.lr.ph
    for.body269
    for.cond.cleanup268
depth: 1
Loop包含的基本块:
  循环头部: for.cond11.preheader
  循环前置块: for.cond11.preheader.lr.ph
  循环出口块: for.cond176.preheader
  循环锁存块: for.cond.cleanup113
  循环体基本块:
    for.cond11.preheader
    for.body14.lr.ph
    for.body14
    for.body21.lr.ph
    for.body21
    for.body27.lr.ph
    for.body27
    for.cond.cleanup26
    for.cond.cleanup20
    for.cond51.preheader
    for.body57.lr.ph
    for.body57
    for.cond70.preheader
    for.body74.lr.ph
    for.body74
    for.cond.cleanup73
    for.cond.cleanup67
    for.cond.cleanup56
    for.body114.lr.ph
    for.body114
    for.cond127.preheader.lr.ph
    for.cond127.preheader
    for.body138.lr.ph
    for.body138
    for.cond.cleanup137
    for.cond.cleanup124
    for.cond.cleanup113
depth: 2
Loop包含的基本块:
  循环头部: for.body14
  循环前置块: for.body14.lr.ph
  循环出口块: for.cond51.preheader
  循环锁存块: for.cond.cleanup20
  循环体基本块:
    for.body14
    for.body21.lr.ph
    for.body21
    for.body27.lr.ph
    for.body27
    for.cond.cleanup26
    for.cond.cleanup20
depth: 3
Loop包含的基本块:
  循环头部: for.body21
  循环前置块: for.body21.lr.ph
  循环出口块: for.cond.cleanup20
  循环锁存块: for.cond.cleanup26
  循环体基本块:
    for.body21
    for.body27.lr.ph
    for.body27
    for.cond.cleanup26
depth: 2
Loop包含的基本块:
  循环头部: for.body57
  循环前置块: for.body57.lr.ph
  循环出口块: for.cond.cleanup56
  循环锁存块: for.cond.cleanup67
  循环体基本块:
    for.body57
    for.cond70.preheader
    for.body74.lr.ph
    for.body74
    for.cond.cleanup73
    for.cond.cleanup67
depth: 3
Loop包含的基本块:
  循环头部: for.cond70.preheader
  循环出口块: for.cond.cleanup67
  循环锁存块: for.cond.cleanup73
  循环体基本块:
    for.cond70.preheader
    for.body74.lr.ph
    for.body74
    for.cond.cleanup73
depth: 2
Loop包含的基本块:
  循环头部: for.body114
  循环前置块: for.body114.lr.ph
  循环出口块: for.cond.cleanup113
  循环锁存块: for.cond.cleanup124
  循环体基本块:
    for.body114
    for.cond127.preheader.lr.ph
    for.cond127.preheader
    for.body138.lr.ph
    for.body138
    for.cond.cleanup137
    for.cond.cleanup124
depth: 3
Loop包含的基本块:
  循环头部: for.cond127.preheader
  循环前置块: for.cond127.preheader.lr.ph
  循环出口块: for.cond.cleanup124
  循环锁存块: for.cond.cleanup137
  循环体基本块:
    for.cond127.preheader
    for.body138.lr.ph
    for.body138
    for.cond.cleanup137
